[debug] [2021-02-20T00:42:11.270Z] ----------------------------------------------------------------------
[debug] [2021-02-20T00:42:11.273Z] Command:       /usr/local/bin/node /usr/local/bin/firebase functions:shell
[debug] [2021-02-20T00:42:11.274Z] CLI Version:   9.3.0
[debug] [2021-02-20T00:42:11.274Z] Platform:      darwin
[debug] [2021-02-20T00:42:11.274Z] Node Version:  v15.6.0
[debug] [2021-02-20T00:42:11.281Z] Time:          Sat Feb 20 2021 06:12:11 GMT+0530 (India Standard Time)
[debug] [2021-02-20T00:42:11.281Z] ----------------------------------------------------------------------
[debug] [2021-02-20T00:42:11.281Z] 
[debug] [2021-02-20T00:42:11.299Z] > command requires scopes: ["email","openid","https://www.googleapis.com/auth/cloudplatformprojects.readonly","https://www.googleapis.com/auth/firebase","https://www.googleapis.com/auth/cloud-platform"]
[debug] [2021-02-20T00:42:11.299Z] > authorizing via signed-in user
[debug] [2021-02-20T00:42:11.299Z] [iam] checking project challenge-31446 for permissions ["firebase.projects.get"]
[debug] [2021-02-20T00:42:11.302Z] > refreshing access token with scopes: ["email","https://www.googleapis.com/auth/cloud-platform","https://www.googleapis.com/auth/cloudplatformprojects.readonly","https://www.googleapis.com/auth/firebase","openid"]
[debug] [2021-02-20T00:42:11.303Z] >>> HTTP REQUEST POST https://www.googleapis.com/oauth2/v3/token  
 <request body omitted>
[debug] [2021-02-20T00:42:11.758Z] <<< HTTP RESPONSE 200 {"expires":"Mon, 01 Jan 1990 00:00:00 GMT","cache-control":"no-cache, no-store, max-age=0, must-revalidate","date":"Sat, 20 Feb 2021 00:42:12 GMT","pragma":"no-cache","content-type":"application/json; charset=utf-8","vary":"X-Origin, Referer, Origin,Accept-Encoding","server":"scaffolding on HTTPServer2","x-xss-protection":"0","x-frame-options":"SAMEORIGIN","x-content-type-options":"nosniff","alt-svc":"h3-29=\":443\"; ma=2592000,h3-T051=\":443\"; ma=2592000,h3-Q050=\":443\"; ma=2592000,h3-Q046=\":443\"; ma=2592000,h3-Q043=\":443\"; ma=2592000,quic=\":443\"; ma=2592000; v=\"46,43\"","accept-ranges":"none","transfer-encoding":"chunked"}
[debug] [2021-02-20T00:42:11.789Z] >>> HTTP REQUEST POST https://cloudresourcemanager.googleapis.com/v1/projects/challenge-31446:testIamPermissions  
 {"permissions":["firebase.projects.get"]}
[debug] [2021-02-20T00:42:13.290Z] <<< HTTP RESPONSE 200 {"content-type":"application/json; charset=UTF-8","vary":"X-Origin, Referer, Origin,Accept-Encoding","date":"Sat, 20 Feb 2021 00:42:13 GMT","server":"ESF","cache-control":"private","x-xss-protection":"0","x-frame-options":"SAMEORIGIN","x-content-type-options":"nosniff","server-timing":"gfet4t7; dur=1143","alt-svc":"h3-29=\":443\"; ma=2592000,h3-T051=\":443\"; ma=2592000,h3-Q050=\":443\"; ma=2592000,h3-Q046=\":443\"; ma=2592000,h3-Q043=\":443\"; ma=2592000,quic=\":443\"; ma=2592000; v=\"46,43\"","accept-ranges":"none","transfer-encoding":"chunked"}
[warn] ⚠  Your requested "node" version "12" doesn't match your global version "15" {"metadata":{"emulator":{"name":"functions"},"message":"Your requested \"node\" version \"12\" doesn't match your global version \"15\""}}
[debug] [2021-02-20T00:42:13.313Z] defaultcredentials: writing to file /Users/vaibhav/.config/firebase/shanuvatika_gmail_com_application_default_credentials.json
[debug] [2021-02-20T00:42:13.317Z] DEBUG: Setting GAC to /Users/vaibhav/.config/firebase/shanuvatika_gmail_com_application_default_credentials.json
[debug] [2021-02-20T00:42:13.318Z] > refreshing access token with scopes: []
[debug] [2021-02-20T00:42:13.318Z] >>> HTTP REQUEST POST https://www.googleapis.com/oauth2/v3/token  
 <request body omitted>
[debug] [2021-02-20T00:42:13.873Z] <<< HTTP RESPONSE 200 {"date":"Sat, 20 Feb 2021 00:42:14 GMT","pragma":"no-cache","expires":"Mon, 01 Jan 1990 00:00:00 GMT","cache-control":"no-cache, no-store, max-age=0, must-revalidate","content-type":"application/json; charset=utf-8","vary":"X-Origin, Referer, Origin,Accept-Encoding","server":"scaffolding on HTTPServer2","x-xss-protection":"0","x-frame-options":"SAMEORIGIN","x-content-type-options":"nosniff","alt-svc":"h3-29=\":443\"; ma=2592000,h3-T051=\":443\"; ma=2592000,h3-Q050=\":443\"; ma=2592000,h3-Q046=\":443\"; ma=2592000,h3-Q043=\":443\"; ma=2592000,quic=\":443\"; ma=2592000; v=\"46,43\"","accept-ranges":"none","transfer-encoding":"chunked"}
[debug] [2021-02-20T00:42:13.899Z] >>> [apiv2][query] GET https://firebase.googleapis.com/v1beta1/projects/challenge-31446/adminSdkConfig [none]
[debug] [2021-02-20T00:42:14.949Z] <<< [apiv2][status] GET https://firebase.googleapis.com/v1beta1/projects/challenge-31446/adminSdkConfig 200
[debug] [2021-02-20T00:42:14.949Z] <<< [apiv2][body] GET https://firebase.googleapis.com/v1beta1/projects/challenge-31446/adminSdkConfig {"projectId":"challenge-31446","storageBucket":"challenge-31446.appspot.com"}
[debug] [2021-02-20T00:42:14.980Z] [functions] Watching "/Users/vaibhav/Documents/ReactApps/amazon-clone/functions" for Cloud Functions...
[debug] [2021-02-20T00:42:14.994Z] DEBUG: [worker-pool] addWorker(~diagnostic~)
[debug] [2021-02-20T00:42:14.995Z] DEBUG: [worker-pool] Adding worker with key ~diagnostic~, total=1
[debug] [2021-02-20T00:42:14.995Z] DEBUG: [worker-pool] submitWork(triggerId=)
[debug] [2021-02-20T00:42:14.995Z] DEBUG: [worker-~diagnostic~-889af0e9-5c96-459c-b5d0-3bfa73e2b86f]: Assigning socketPath: /var/folders/jz/s5vcrcds07j2k_5fchcbyfg80000gn/T/fire_emu_10772.sock
[debug] [2021-02-20T00:42:14.996Z] DEBUG: [worker-~diagnostic~-889af0e9-5c96-459c-b5d0-3bfa73e2b86f]: BUSY
[debug] [2021-02-20T00:42:15.149Z] DEBUG: [runtime-status] [10772] Functions runtime initialized. {"cwd":"/Users/vaibhav/Documents/ReactApps/amazon-clone/functions","node_version":"15.6.0"}
[debug] [2021-02-20T00:42:15.150Z] DEBUG: [runtime-status] [10772] Disabled runtime features: undefined
[debug] [2021-02-20T00:42:15.155Z] DEBUG: [runtime-status] [10772] Resolved module firebase-admin {"declared":true,"installed":true,"version":"9.5.0","resolution":"/Users/vaibhav/Documents/ReactApps/amazon-clone/functions/node_modules/firebase-admin/lib/index.js"}
[debug] [2021-02-20T00:42:15.157Z] DEBUG: [runtime-status] [10772] Resolved module firebase-functions {"declared":true,"installed":true,"version":"3.13.1","resolution":"/Users/vaibhav/Documents/ReactApps/amazon-clone/functions/node_modules/firebase-functions/lib/index.js"}
[debug] [2021-02-20T00:42:15.161Z] DEBUG: [runtime-status] [10772] Resolved module firebase-functions {"declared":true,"installed":true,"version":"3.13.1","resolution":"/Users/vaibhav/Documents/ReactApps/amazon-clone/functions/node_modules/firebase-functions/lib/index.js"}
[debug] [2021-02-20T00:42:15.163Z] DEBUG: [runtime-status] [10772] Outgoing network have been stubbed. [{"name":"http","status":"mocked"},{"name":"http","status":"mocked"},{"name":"https","status":"mocked"},{"name":"https","status":"mocked"},{"name":"net","status":"mocked"}]
[debug] [2021-02-20T00:42:15.164Z] DEBUG: [runtime-status] [10772] Resolved module firebase-functions {"declared":true,"installed":true,"version":"3.13.1","resolution":"/Users/vaibhav/Documents/ReactApps/amazon-clone/functions/node_modules/firebase-functions/lib/index.js"}
[debug] [2021-02-20T00:42:15.282Z] DEBUG: [runtime-status] [10772] Checked functions.config() {"config":{}}
[debug] [2021-02-20T00:42:15.282Z] DEBUG: [runtime-status] [10772] firebase-functions has been stubbed. {"functionsResolution":{"declared":true,"installed":true,"version":"3.13.1","resolution":"/Users/vaibhav/Documents/ReactApps/amazon-clone/functions/node_modules/firebase-functions/lib/index.js"}}
[debug] [2021-02-20T00:42:15.282Z] DEBUG: [runtime-status] [10772] Resolved module firebase-functions {"declared":true,"installed":true,"version":"3.13.1","resolution":"/Users/vaibhav/Documents/ReactApps/amazon-clone/functions/node_modules/firebase-functions/lib/index.js"}
[debug] [2021-02-20T00:42:15.282Z] DEBUG: [runtime-status] [10772] Resolved module firebase-admin {"declared":true,"installed":true,"version":"9.5.0","resolution":"/Users/vaibhav/Documents/ReactApps/amazon-clone/functions/node_modules/firebase-admin/lib/index.js"}
[debug] [2021-02-20T00:42:15.283Z] DEBUG: [runtime-status] [10772] Resolved module firebase-functions {"declared":true,"installed":true,"version":"3.13.1","resolution":"/Users/vaibhav/Documents/ReactApps/amazon-clone/functions/node_modules/firebase-functions/lib/index.js"}
[debug] [2021-02-20T00:42:15.283Z] DEBUG: [runtime-status] [10772] firebase-admin has been stubbed. {"adminResolution":{"declared":true,"installed":true,"version":"9.5.0","resolution":"/Users/vaibhav/Documents/ReactApps/amazon-clone/functions/node_modules/firebase-admin/lib/index.js"}}
[debug] [2021-02-20T00:42:15.772Z] DEBUG: [worker-~diagnostic~-889af0e9-5c96-459c-b5d0-3bfa73e2b86f]: IDLE
[debug] [2021-02-20T00:42:15.773Z] [functions[api]] http function initialized (http://localhost:5000/challenge-31446/us-central1/api).
[info] i  functions: Loaded functions: api 
[warn] ⚠  functions: The following emulators are not running, calls to these services will affect production: firestore, database, pubsub 
[debug] [2021-02-20T00:48:19.312Z] DEBUG: File /Users/vaibhav/Documents/ReactApps/amazon-clone/functions/index.js changed, reloading triggers
[debug] [2021-02-20T00:48:20.313Z] DEBUG: [worker-pool] Shutting down IDLE worker (~diagnostic~)
[debug] [2021-02-20T00:48:20.314Z] DEBUG: [worker-~diagnostic~-889af0e9-5c96-459c-b5d0-3bfa73e2b86f]: FINISHING
[debug] [2021-02-20T00:48:20.324Z] DEBUG: [worker-pool] addWorker(~diagnostic~)
[debug] [2021-02-20T00:48:20.325Z] DEBUG: [worker-pool] Adding worker with key ~diagnostic~, total=2
[debug] [2021-02-20T00:48:20.325Z] DEBUG: [worker-pool] submitWork(triggerId=)
[debug] [2021-02-20T00:48:20.325Z] DEBUG: [worker-~diagnostic~-d2a87472-1c31-4622-8a25-08ce161fb132]: Assigning socketPath: /var/folders/jz/s5vcrcds07j2k_5fchcbyfg80000gn/T/fire_emu_10862.sock
[debug] [2021-02-20T00:48:20.326Z] DEBUG: [worker-~diagnostic~-d2a87472-1c31-4622-8a25-08ce161fb132]: BUSY
[debug] [2021-02-20T00:48:20.328Z] DEBUG: [worker-~diagnostic~-889af0e9-5c96-459c-b5d0-3bfa73e2b86f]: exited
[debug] [2021-02-20T00:48:20.328Z] DEBUG: [worker-~diagnostic~-889af0e9-5c96-459c-b5d0-3bfa73e2b86f]: FINISHED
[debug] [2021-02-20T00:48:20.486Z] DEBUG: [runtime-status] [10862] Functions runtime initialized. {"cwd":"/Users/vaibhav/Documents/ReactApps/amazon-clone/functions","node_version":"15.6.0"}
[debug] [2021-02-20T00:48:20.488Z] DEBUG: [runtime-status] [10862] Disabled runtime features: undefined
[debug] [2021-02-20T00:48:20.490Z] DEBUG: [runtime-status] [10862] Resolved module firebase-admin {"declared":true,"installed":true,"version":"9.5.0","resolution":"/Users/vaibhav/Documents/ReactApps/amazon-clone/functions/node_modules/firebase-admin/lib/index.js"}
[debug] [2021-02-20T00:48:20.492Z] DEBUG: [runtime-status] [10862] Resolved module firebase-functions {"declared":true,"installed":true,"version":"3.13.1","resolution":"/Users/vaibhav/Documents/ReactApps/amazon-clone/functions/node_modules/firebase-functions/lib/index.js"}
[debug] [2021-02-20T00:48:20.494Z] DEBUG: [runtime-status] [10862] Resolved module firebase-functions {"declared":true,"installed":true,"version":"3.13.1","resolution":"/Users/vaibhav/Documents/ReactApps/amazon-clone/functions/node_modules/firebase-functions/lib/index.js"}
[debug] [2021-02-20T00:48:20.496Z] DEBUG: [runtime-status] [10862] Outgoing network have been stubbed. [{"name":"http","status":"mocked"},{"name":"http","status":"mocked"},{"name":"https","status":"mocked"},{"name":"https","status":"mocked"},{"name":"net","status":"mocked"}]
[debug] [2021-02-20T00:48:20.497Z] DEBUG: [runtime-status] [10862] Resolved module firebase-functions {"declared":true,"installed":true,"version":"3.13.1","resolution":"/Users/vaibhav/Documents/ReactApps/amazon-clone/functions/node_modules/firebase-functions/lib/index.js"}
[debug] [2021-02-20T00:48:20.614Z] DEBUG: [runtime-status] [10862] Checked functions.config() {"config":{}}
[debug] [2021-02-20T00:48:20.614Z] DEBUG: [runtime-status] [10862] firebase-functions has been stubbed. {"functionsResolution":{"declared":true,"installed":true,"version":"3.13.1","resolution":"/Users/vaibhav/Documents/ReactApps/amazon-clone/functions/node_modules/firebase-functions/lib/index.js"}}
[debug] [2021-02-20T00:48:20.614Z] DEBUG: [runtime-status] [10862] Resolved module firebase-functions {"declared":true,"installed":true,"version":"3.13.1","resolution":"/Users/vaibhav/Documents/ReactApps/amazon-clone/functions/node_modules/firebase-functions/lib/index.js"}
[debug] [2021-02-20T00:48:20.614Z] DEBUG: [runtime-status] [10862] Resolved module firebase-admin {"declared":true,"installed":true,"version":"9.5.0","resolution":"/Users/vaibhav/Documents/ReactApps/amazon-clone/functions/node_modules/firebase-admin/lib/index.js"}
[debug] [2021-02-20T00:48:20.614Z] DEBUG: [runtime-status] [10862] Resolved module firebase-functions {"declared":true,"installed":true,"version":"3.13.1","resolution":"/Users/vaibhav/Documents/ReactApps/amazon-clone/functions/node_modules/firebase-functions/lib/index.js"}
[debug] [2021-02-20T00:48:20.615Z] DEBUG: [runtime-status] [10862] firebase-admin has been stubbed. {"adminResolution":{"declared":true,"installed":true,"version":"9.5.0","resolution":"/Users/vaibhav/Documents/ReactApps/amazon-clone/functions/node_modules/firebase-admin/lib/index.js"}}
[debug] [2021-02-20T00:48:21.122Z] DEBUG: [worker-~diagnostic~-d2a87472-1c31-4622-8a25-08ce161fb132]: IDLE
[debug] [2021-02-20T00:48:34.697Z] DEBUG: File /Users/vaibhav/Documents/ReactApps/amazon-clone/functions/index.js changed, reloading triggers
[debug] [2021-02-20T00:48:35.701Z] DEBUG: [worker-pool] Shutting down IDLE worker (~diagnostic~)
[debug] [2021-02-20T00:48:35.701Z] DEBUG: [worker-~diagnostic~-d2a87472-1c31-4622-8a25-08ce161fb132]: FINISHING
[debug] [2021-02-20T00:48:35.701Z] DEBUG: [worker-pool] Cleaned up workers for ~diagnostic~: 2 --> 1
[debug] [2021-02-20T00:48:35.710Z] DEBUG: [worker-pool] addWorker(~diagnostic~)
[debug] [2021-02-20T00:48:35.710Z] DEBUG: [worker-pool] Adding worker with key ~diagnostic~, total=2
[debug] [2021-02-20T00:48:35.711Z] DEBUG: [worker-pool] submitWork(triggerId=)
[debug] [2021-02-20T00:48:35.711Z] DEBUG: [worker-~diagnostic~-1d130bb3-f1d1-400e-9124-515693323051]: Assigning socketPath: /var/folders/jz/s5vcrcds07j2k_5fchcbyfg80000gn/T/fire_emu_10866.sock
[debug] [2021-02-20T00:48:35.711Z] DEBUG: [worker-~diagnostic~-1d130bb3-f1d1-400e-9124-515693323051]: BUSY
[debug] [2021-02-20T00:48:35.713Z] DEBUG: [worker-~diagnostic~-d2a87472-1c31-4622-8a25-08ce161fb132]: exited
[debug] [2021-02-20T00:48:35.713Z] DEBUG: [worker-~diagnostic~-d2a87472-1c31-4622-8a25-08ce161fb132]: FINISHED
[debug] [2021-02-20T00:48:35.865Z] DEBUG: [runtime-status] [10866] Functions runtime initialized. {"cwd":"/Users/vaibhav/Documents/ReactApps/amazon-clone/functions","node_version":"15.6.0"}
[debug] [2021-02-20T00:48:35.867Z] DEBUG: [runtime-status] [10866] Disabled runtime features: undefined
[debug] [2021-02-20T00:48:35.870Z] DEBUG: [runtime-status] [10866] Resolved module firebase-admin {"declared":true,"installed":true,"version":"9.5.0","resolution":"/Users/vaibhav/Documents/ReactApps/amazon-clone/functions/node_modules/firebase-admin/lib/index.js"}
[debug] [2021-02-20T00:48:35.871Z] DEBUG: [runtime-status] [10866] Resolved module firebase-functions {"declared":true,"installed":true,"version":"3.13.1","resolution":"/Users/vaibhav/Documents/ReactApps/amazon-clone/functions/node_modules/firebase-functions/lib/index.js"}
[debug] [2021-02-20T00:48:35.873Z] DEBUG: [runtime-status] [10866] Resolved module firebase-functions {"declared":true,"installed":true,"version":"3.13.1","resolution":"/Users/vaibhav/Documents/ReactApps/amazon-clone/functions/node_modules/firebase-functions/lib/index.js"}
[debug] [2021-02-20T00:48:35.875Z] DEBUG: [runtime-status] [10866] Outgoing network have been stubbed. [{"name":"http","status":"mocked"},{"name":"http","status":"mocked"},{"name":"https","status":"mocked"},{"name":"https","status":"mocked"},{"name":"net","status":"mocked"}]
[debug] [2021-02-20T00:48:35.876Z] DEBUG: [runtime-status] [10866] Resolved module firebase-functions {"declared":true,"installed":true,"version":"3.13.1","resolution":"/Users/vaibhav/Documents/ReactApps/amazon-clone/functions/node_modules/firebase-functions/lib/index.js"}
[debug] [2021-02-20T00:48:35.922Z] DEBUG: [runtime-status] [10866] Checked functions.config() {"config":{}}
[debug] [2021-02-20T00:48:35.922Z] DEBUG: [runtime-status] [10866] firebase-functions has been stubbed. {"functionsResolution":{"declared":true,"installed":true,"version":"3.13.1","resolution":"/Users/vaibhav/Documents/ReactApps/amazon-clone/functions/node_modules/firebase-functions/lib/index.js"}}
[debug] [2021-02-20T00:48:35.922Z] DEBUG: [runtime-status] [10866] Resolved module firebase-functions {"declared":true,"installed":true,"version":"3.13.1","resolution":"/Users/vaibhav/Documents/ReactApps/amazon-clone/functions/node_modules/firebase-functions/lib/index.js"}
[debug] [2021-02-20T00:48:35.922Z] DEBUG: [runtime-status] [10866] Resolved module firebase-admin {"declared":true,"installed":true,"version":"9.5.0","resolution":"/Users/vaibhav/Documents/ReactApps/amazon-clone/functions/node_modules/firebase-admin/lib/index.js"}
[debug] [2021-02-20T00:48:35.924Z] DEBUG: [runtime-status] [10866] Resolved module firebase-functions {"declared":true,"installed":true,"version":"3.13.1","resolution":"/Users/vaibhav/Documents/ReactApps/amazon-clone/functions/node_modules/firebase-functions/lib/index.js"}
[debug] [2021-02-20T00:48:35.924Z] DEBUG: [runtime-status] [10866] firebase-admin has been stubbed. {"adminResolution":{"declared":true,"installed":true,"version":"9.5.0","resolution":"/Users/vaibhav/Documents/ReactApps/amazon-clone/functions/node_modules/firebase-admin/lib/index.js"}}
[debug] [2021-02-20T00:48:36.039Z] DEBUG: [worker-~diagnostic~-1d130bb3-f1d1-400e-9124-515693323051]: IDLE
[debug] [2021-02-20T00:48:39.230Z] DEBUG: File /Users/vaibhav/Documents/ReactApps/amazon-clone/functions/index.js changed, reloading triggers
[debug] [2021-02-20T00:48:40.235Z] DEBUG: [worker-pool] Shutting down IDLE worker (~diagnostic~)
[debug] [2021-02-20T00:48:40.235Z] DEBUG: [worker-~diagnostic~-1d130bb3-f1d1-400e-9124-515693323051]: FINISHING
[debug] [2021-02-20T00:48:40.235Z] DEBUG: [worker-pool] Cleaned up workers for ~diagnostic~: 2 --> 1
[debug] [2021-02-20T00:48:40.245Z] DEBUG: [worker-pool] addWorker(~diagnostic~)
[debug] [2021-02-20T00:48:40.247Z] DEBUG: [worker-pool] Adding worker with key ~diagnostic~, total=2
[debug] [2021-02-20T00:48:40.248Z] DEBUG: [worker-pool] submitWork(triggerId=)
[debug] [2021-02-20T00:48:40.248Z] DEBUG: [worker-~diagnostic~-c1b8753d-3705-4b82-bf84-7ad13790a4ec]: Assigning socketPath: /var/folders/jz/s5vcrcds07j2k_5fchcbyfg80000gn/T/fire_emu_10868.sock
[debug] [2021-02-20T00:48:40.249Z] DEBUG: [worker-~diagnostic~-c1b8753d-3705-4b82-bf84-7ad13790a4ec]: BUSY
[debug] [2021-02-20T00:48:40.250Z] DEBUG: [worker-~diagnostic~-1d130bb3-f1d1-400e-9124-515693323051]: exited
[debug] [2021-02-20T00:48:40.250Z] DEBUG: [worker-~diagnostic~-1d130bb3-f1d1-400e-9124-515693323051]: FINISHED
[debug] [2021-02-20T00:48:40.537Z] DEBUG: [runtime-status] [10868] Functions runtime initialized. {"cwd":"/Users/vaibhav/Documents/ReactApps/amazon-clone/functions","node_version":"15.6.0"}
[debug] [2021-02-20T00:48:40.540Z] DEBUG: [runtime-status] [10868] Disabled runtime features: undefined
[debug] [2021-02-20T00:48:40.542Z] DEBUG: [runtime-status] [10868] Resolved module firebase-admin {"declared":true,"installed":true,"version":"9.5.0","resolution":"/Users/vaibhav/Documents/ReactApps/amazon-clone/functions/node_modules/firebase-admin/lib/index.js"}
[debug] [2021-02-20T00:48:40.543Z] DEBUG: [runtime-status] [10868] Resolved module firebase-functions {"declared":true,"installed":true,"version":"3.13.1","resolution":"/Users/vaibhav/Documents/ReactApps/amazon-clone/functions/node_modules/firebase-functions/lib/index.js"}
[debug] [2021-02-20T00:48:40.545Z] DEBUG: [runtime-status] [10868] Resolved module firebase-functions {"declared":true,"installed":true,"version":"3.13.1","resolution":"/Users/vaibhav/Documents/ReactApps/amazon-clone/functions/node_modules/firebase-functions/lib/index.js"}
[debug] [2021-02-20T00:48:40.549Z] DEBUG: [runtime-status] [10868] Outgoing network have been stubbed. [{"name":"http","status":"mocked"},{"name":"http","status":"mocked"},{"name":"https","status":"mocked"},{"name":"https","status":"mocked"},{"name":"net","status":"mocked"}]
[debug] [2021-02-20T00:48:40.549Z] DEBUG: [runtime-status] [10868] Resolved module firebase-functions {"declared":true,"installed":true,"version":"3.13.1","resolution":"/Users/vaibhav/Documents/ReactApps/amazon-clone/functions/node_modules/firebase-functions/lib/index.js"}
[debug] [2021-02-20T00:48:40.605Z] DEBUG: [runtime-status] [10868] Checked functions.config() {"config":{}}
[debug] [2021-02-20T00:48:40.606Z] DEBUG: [runtime-status] [10868] firebase-functions has been stubbed. {"functionsResolution":{"declared":true,"installed":true,"version":"3.13.1","resolution":"/Users/vaibhav/Documents/ReactApps/amazon-clone/functions/node_modules/firebase-functions/lib/index.js"}}
[debug] [2021-02-20T00:48:40.606Z] DEBUG: [runtime-status] [10868] Resolved module firebase-functions {"declared":true,"installed":true,"version":"3.13.1","resolution":"/Users/vaibhav/Documents/ReactApps/amazon-clone/functions/node_modules/firebase-functions/lib/index.js"}
[debug] [2021-02-20T00:48:40.608Z] DEBUG: [runtime-status] [10868] Resolved module firebase-admin {"declared":true,"installed":true,"version":"9.5.0","resolution":"/Users/vaibhav/Documents/ReactApps/amazon-clone/functions/node_modules/firebase-admin/lib/index.js"}
[debug] [2021-02-20T00:48:40.608Z] DEBUG: [runtime-status] [10868] Resolved module firebase-functions {"declared":true,"installed":true,"version":"3.13.1","resolution":"/Users/vaibhav/Documents/ReactApps/amazon-clone/functions/node_modules/firebase-functions/lib/index.js"}
[debug] [2021-02-20T00:48:40.609Z] DEBUG: [runtime-status] [10868] firebase-admin has been stubbed. {"adminResolution":{"declared":true,"installed":true,"version":"9.5.0","resolution":"/Users/vaibhav/Documents/ReactApps/amazon-clone/functions/node_modules/firebase-admin/lib/index.js"}}
[debug] [2021-02-20T00:48:40.810Z] DEBUG: [worker-~diagnostic~-c1b8753d-3705-4b82-bf84-7ad13790a4ec]: IDLE
[debug] [2021-02-20T00:49:33.660Z] DEBUG: File /Users/vaibhav/Documents/ReactApps/amazon-clone/functions/index.js changed, reloading triggers
[debug] [2021-02-20T00:49:34.662Z] DEBUG: [worker-pool] Shutting down IDLE worker (~diagnostic~)
[debug] [2021-02-20T00:49:34.662Z] DEBUG: [worker-~diagnostic~-c1b8753d-3705-4b82-bf84-7ad13790a4ec]: FINISHING
[debug] [2021-02-20T00:49:34.662Z] DEBUG: [worker-pool] Cleaned up workers for ~diagnostic~: 2 --> 1
[debug] [2021-02-20T00:49:34.669Z] DEBUG: [worker-pool] addWorker(~diagnostic~)
[debug] [2021-02-20T00:49:34.670Z] DEBUG: [worker-pool] Adding worker with key ~diagnostic~, total=2
[debug] [2021-02-20T00:49:34.670Z] DEBUG: [worker-pool] submitWork(triggerId=)
[debug] [2021-02-20T00:49:34.670Z] DEBUG: [worker-~diagnostic~-99003f8e-2871-46d7-a074-191eb48d8301]: Assigning socketPath: /var/folders/jz/s5vcrcds07j2k_5fchcbyfg80000gn/T/fire_emu_10877.sock
[debug] [2021-02-20T00:49:34.670Z] DEBUG: [worker-~diagnostic~-99003f8e-2871-46d7-a074-191eb48d8301]: BUSY
[debug] [2021-02-20T00:49:34.672Z] DEBUG: [worker-~diagnostic~-c1b8753d-3705-4b82-bf84-7ad13790a4ec]: exited
[debug] [2021-02-20T00:49:34.672Z] DEBUG: [worker-~diagnostic~-c1b8753d-3705-4b82-bf84-7ad13790a4ec]: FINISHED
[debug] [2021-02-20T00:49:34.872Z] DEBUG: [runtime-status] [10877] Functions runtime initialized. {"cwd":"/Users/vaibhav/Documents/ReactApps/amazon-clone/functions","node_version":"15.6.0"}
[debug] [2021-02-20T00:49:34.873Z] DEBUG: [runtime-status] [10877] Disabled runtime features: undefined
[debug] [2021-02-20T00:49:34.878Z] DEBUG: [runtime-status] [10877] Resolved module firebase-admin {"declared":true,"installed":true,"version":"9.5.0","resolution":"/Users/vaibhav/Documents/ReactApps/amazon-clone/functions/node_modules/firebase-admin/lib/index.js"}
[debug] [2021-02-20T00:49:34.879Z] DEBUG: [runtime-status] [10877] Resolved module firebase-functions {"declared":true,"installed":true,"version":"3.13.1","resolution":"/Users/vaibhav/Documents/ReactApps/amazon-clone/functions/node_modules/firebase-functions/lib/index.js"}
[debug] [2021-02-20T00:49:34.881Z] DEBUG: [runtime-status] [10877] Resolved module firebase-functions {"declared":true,"installed":true,"version":"3.13.1","resolution":"/Users/vaibhav/Documents/ReactApps/amazon-clone/functions/node_modules/firebase-functions/lib/index.js"}
[debug] [2021-02-20T00:49:34.884Z] DEBUG: [runtime-status] [10877] Outgoing network have been stubbed. [{"name":"http","status":"mocked"},{"name":"http","status":"mocked"},{"name":"https","status":"mocked"},{"name":"https","status":"mocked"},{"name":"net","status":"mocked"}]
[debug] [2021-02-20T00:49:34.885Z] DEBUG: [runtime-status] [10877] Resolved module firebase-functions {"declared":true,"installed":true,"version":"3.13.1","resolution":"/Users/vaibhav/Documents/ReactApps/amazon-clone/functions/node_modules/firebase-functions/lib/index.js"}
[debug] [2021-02-20T00:49:34.951Z] DEBUG: [runtime-status] [10877] Checked functions.config() {"config":{}}
[debug] [2021-02-20T00:49:34.951Z] DEBUG: [runtime-status] [10877] firebase-functions has been stubbed. {"functionsResolution":{"declared":true,"installed":true,"version":"3.13.1","resolution":"/Users/vaibhav/Documents/ReactApps/amazon-clone/functions/node_modules/firebase-functions/lib/index.js"}}
[debug] [2021-02-20T00:49:34.951Z] DEBUG: [runtime-status] [10877] Resolved module firebase-functions {"declared":true,"installed":true,"version":"3.13.1","resolution":"/Users/vaibhav/Documents/ReactApps/amazon-clone/functions/node_modules/firebase-functions/lib/index.js"}
[debug] [2021-02-20T00:49:34.954Z] DEBUG: [runtime-status] [10877] Resolved module firebase-admin {"declared":true,"installed":true,"version":"9.5.0","resolution":"/Users/vaibhav/Documents/ReactApps/amazon-clone/functions/node_modules/firebase-admin/lib/index.js"}
[debug] [2021-02-20T00:49:34.958Z] DEBUG: [runtime-status] [10877] Resolved module firebase-functions {"declared":true,"installed":true,"version":"3.13.1","resolution":"/Users/vaibhav/Documents/ReactApps/amazon-clone/functions/node_modules/firebase-functions/lib/index.js"}
[debug] [2021-02-20T00:49:34.958Z] DEBUG: [runtime-status] [10877] firebase-admin has been stubbed. {"adminResolution":{"declared":true,"installed":true,"version":"9.5.0","resolution":"/Users/vaibhav/Documents/ReactApps/amazon-clone/functions/node_modules/firebase-admin/lib/index.js"}}
[debug] [2021-02-20T00:49:35.100Z] DEBUG: [worker-~diagnostic~-99003f8e-2871-46d7-a074-191eb48d8301]: IDLE
